\BOOKMARK [1][-]{section*.1}{\376\377\000A\000b\000s\000t\000r\000a\000c\000t}{}% 1
\BOOKMARK [1][-]{section.1}{\376\377\0001\000\040\000I\000n\000t\000r\000o\000d\000u\000c\000t\000i\000o\000n}{}% 2
\BOOKMARK [1][-]{section.2}{\376\377\0002\000\040\000B\000a\000c\000k\000g\000r\000o\000u\000n\000d\000\040\000a\000n\000d\000\040\000r\000e\000l\000a\000t\000e\000d\000\040\000w\000o\000r\000k}{}% 3
\BOOKMARK [2][-]{subsection.2.1}{\376\377\0002\000.\0001\000\040\000A\000n\000y\000c\000a\000s\000t\000\040\000d\000e\000t\000e\000c\000t\000i\000o\000n}{section.2}% 4
\BOOKMARK [2][-]{subsection.2.2}{\376\377\0002\000.\0002\000\040\000T\000r\000a\000c\000e\000r\000o\000u\000t\000e}{section.2}% 5
\BOOKMARK [2][-]{subsection.2.3}{\376\377\0002\000.\0003\000\040\000M\000e\000a\000s\000u\000r\000i\000n\000g\000\040\000a\000n\000y\000c\000a\000s\000t\000\040\000w\000i\000t\000h\000\040\000t\000r\000a\000c\000e\000r\000o\000u\000t\000e}{section.2}% 6
\BOOKMARK [1][-]{section.3}{\376\377\0003\000\040\000M\000e\000t\000h\000o\000d\000o\000l\000o\000g\000y}{}% 7
\BOOKMARK [2][-]{subsection.3.1}{\376\377\0003\000.\0001\000\040\000P\000r\000e\000v\000i\000o\000u\000s\000\040\000m\000e\000t\000h\000o\000d}{section.3}% 8
\BOOKMARK [2][-]{subsection.3.2}{\376\377\0003\000.\0002\000\040\000A\000u\000t\000o\000m\000a\000t\000i\000n\000g\000\040\000P\000T\000R\000\040\000r\000e\000c\000o\000r\000d\000\040\000t\000r\000a\000n\000s\000l\000a\000t\000i\000o\000n}{section.3}% 9
\BOOKMARK [2][-]{subsection.3.3}{\376\377\0003\000.\0003\000\040\000M\000e\000a\000s\000u\000r\000i\000n\000g\000\040\000d\000i\000s\000t\000a\000n\000c\000e\000\040\000f\000r\000o\000m\000\040\000t\000r\000a\000c\000e\000r\000o\000u\000t\000e\000\040\000h\000o\000p\000s}{section.3}% 10
\BOOKMARK [2][-]{subsection.3.4}{\376\377\0003\000.\0004\000\040\000M\000e\000a\000s\000u\000r\000e\000m\000e\000n\000t\000\040\000s\000e\000t\000-\000u\000p}{section.3}% 11
\BOOKMARK [1][-]{section.4}{\376\377\0004\000\040\000R\000e\000s\000u\000l\000t\000s}{}% 12
\BOOKMARK [2][-]{subsection.4.1}{\376\377\0004\000.\0001\000\040\000D\000e\000t\000e\000c\000t\000i\000o\000n}{section.4}% 13
\BOOKMARK [2][-]{subsection.4.2}{\376\377\0004\000.\0002\000\040\000E\000n\000u\000m\000e\000r\000a\000t\000i\000o\000n}{section.4}% 14
\BOOKMARK [2][-]{subsection.4.3}{\376\377\0004\000.\0003\000\040\000G\000e\000o\000l\000o\000c\000a\000t\000i\000o\000n}{section.4}% 15
\BOOKMARK [2][-]{subsection.4.4}{\376\377\0004\000.\0004\000\040\000L\000o\000c\000a\000t\000i\000o\000n\000s}{section.4}% 16
\BOOKMARK [2][-]{subsection.4.5}{\376\377\0004\000.\0005\000\040\000M\000A\000n\000y\000c\000a\000s\000t\0002\000\040\000F\000P\000s}{section.4}% 17
\BOOKMARK [1][-]{section.5}{\376\377\0005\000\040\000D\000i\000s\000c\000u\000s\000s\000i\000o\000n}{}% 18
\BOOKMARK [2][-]{subsection.5.1}{\376\377\0005\000.\0001\000\040\000F\000u\000t\000u\000r\000e\000\040\000w\000o\000r\000k}{section.5}% 19
\BOOKMARK [2][-]{subsection.5.2}{\376\377\0005\000.\0002\000\040\000H\000o\000w\000\040\000d\000o\000e\000s\000\040\000t\000r\000a\000c\000e\000r\000o\000u\000t\000e\000\040\000p\000e\000r\000f\000o\000r\000m\000?}{section.5}% 20
\BOOKMARK [1][-]{section.6}{\376\377\0006\000\040\000A\000c\000k\000n\000o\000w\000l\000e\000d\000g\000e\000m\000e\000n\000t\000s}{}% 21
\BOOKMARK [1][-]{section*.4}{\376\377\000R\000e\000f\000e\000r\000e\000n\000c\000e\000s}{}% 22
